<?xml version="1.0" encoding="UTF-8"?>
<!-- Generated by org.testng.reporters.JUnitReportReporter -->
<testsuite skipped="0" hostname="DESKTOP-75SCK3T" name="com.project.testscripts.LogoutTest" tests="2" failures="0" timestamp="2021-06-11T18:53:04 IST" time="49.726" errors="0">
  <testcase name="verifyprofile" time="23.708" classname="com.project.testscripts.LogoutTest"/>
  <system-out/>
  <testcase name="verifySignout" time="26.018" classname="com.project.testscripts.LogoutTest"/>
  <system-out/>
</testsuite> <!-- com.project.testscripts.LogoutTest -->
