<?xml version="1.0" encoding="UTF-8"?>
<!-- Generated by org.testng.reporters.JUnitReportReporter -->
<testsuite hostname="DESKTOP-75SCK3T" failures="0" tests="2" name="com.project.testscripts.LogoutTest" time="38.953" errors="0" timestamp="2021-06-02T23:56:52 IST" skipped="0">
  <testcase classname="com.project.testscripts.LogoutTest" name="verifySignout" time="22.283"/>
  <system-out/>
  <testcase classname="com.project.testscripts.LogoutTest" name="verifyprofile" time="16.670"/>
  <system-out/>
</testsuite> <!-- com.project.testscripts.LogoutTest -->
