<?xml version="1.0" encoding="UTF-8"?>
<!-- Generated by org.testng.reporters.JUnitReportReporter -->
<testsuite hostname="DESKTOP-75SCK3T" failures="0" tests="3" name="com.project.testscripts.LoginTest" time="69.205" errors="0" timestamp="2021-06-13T22:01:52 IST" skipped="0">
  <testcase classname="com.project.testscripts.LoginTest" name="verifyLoginPageTitle" time="16.444"/>
  <system-out/>
  <testcase classname="com.project.testscripts.LoginTest" name="verifyValidLogin" time="32.040"/>
  <system-out/>
  <testcase classname="com.project.testscripts.LoginTest" name="verifyLoginPageLoadedorNot" time="20.721"/>
  <system-out/>
</testsuite> <!-- com.project.testscripts.LoginTest -->
