<?xml version="1.0" encoding="UTF-8"?>
<!-- Generated by org.testng.reporters.JUnitReportReporter -->
<testsuite hostname="DESKTOP-75SCK3T" failures="0" tests="1" name="com.project.testscripts.HomeTest" time="21.852" errors="0" timestamp="2021-06-03T08:34:11 IST" skipped="0">
  <testcase classname="com.project.testscripts.HomeTest" name="verifyHomepageloaded" time="21.852"/>
  <system-out/>
</testsuite> <!-- com.project.testscripts.HomeTest -->
