<?xml version="1.0" encoding="UTF-8"?>
<!-- Generated by org.testng.reporters.JUnitReportReporter -->
<testsuite hostname="DESKTOP-75SCK3T" failures="0" tests="3" name="com.project.testscripts.LoginTest" time="74.396" errors="0" timestamp="2021-05-31T07:47:20 IST" skipped="0">
  <testcase classname="com.project.testscripts.LoginTest" name="verifyValidLogin" time="38.955"/>
  <system-out/>
  <testcase classname="com.project.testscripts.LoginTest" name="verifyLoginPageTitle" time="18.827"/>
  <system-out/>
  <testcase classname="com.project.testscripts.LoginTest" name="verifyLoginPageLoadedorNot" time="16.614"/>
  <system-out/>
</testsuite> <!-- com.project.testscripts.LoginTest -->
