<?xml version="1.0" encoding="UTF-8"?>
<!-- Generated by org.testng.reporters.JUnitReportReporter -->
<testsuite hostname="DESKTOP-75SCK3T" failures="0" tests="2" name="com.project.testscripts.ResetPasswordTest" time="40.147" errors="0" timestamp="2021-06-13T22:01:52 IST" skipped="0">
  <testcase classname="com.project.testscripts.ResetPasswordTest" name="verifyForgotPasswordError" time="21.500"/>
  <system-out/>
  <testcase classname="com.project.testscripts.ResetPasswordTest" name="verifyResetPageLoadedorNot" time="18.647"/>
  <system-out/>
</testsuite> <!-- com.project.testscripts.ResetPasswordTest -->
