<?xml version="1.0" encoding="UTF-8"?>
<!-- Generated by org.testng.reporters.JUnitReportReporter -->
<testsuite hostname="DESKTOP-75SCK3T" failures="0" tests="1" name="com.project.testscripts.UserManagementTest" time="29.983" errors="0" timestamp="2021-06-03T23:37:00 IST" skipped="0">
  <testcase classname="com.project.testscripts.UserManagementTest" name="verifyUsersTabloaded" time="29.983"/>
  <system-out/>
</testsuite> <!-- com.project.testscripts.UserManagementTest -->
