<?xml version="1.0" encoding="UTF-8"?>
<!-- Generated by org.testng.reporters.JUnitReportReporter -->
<testsuite hostname="DESKTOP-75SCK3T" failures="0" tests="2" name="com.project.testscripts.LogoutTest" time="52.219" errors="0" timestamp="2021-06-13T22:01:52 IST" skipped="0">
  <testcase classname="com.project.testscripts.LogoutTest" name="verifySignout" time="26.435"/>
  <system-out/>
  <testcase classname="com.project.testscripts.LogoutTest" name="verifyprofile" time="25.784"/>
  <system-out/>
</testsuite> <!-- com.project.testscripts.LogoutTest -->
