<?xml version="1.0" encoding="UTF-8"?>
<!-- Generated by org.testng.reporters.JUnitReportReporter -->
<testsuite skipped="0" hostname="DESKTOP-75SCK3T" name="com.project.testscripts.ResetPasswordTest" tests="2" failures="0" timestamp="2021-06-11T18:53:04 IST" time="42.858" errors="0">
  <testcase name="verifyResetPageLoadedorNot" time="19.268" classname="com.project.testscripts.ResetPasswordTest"/>
  <system-out/>
  <testcase name="verifyForgotPasswordError" time="23.590" classname="com.project.testscripts.ResetPasswordTest"/>
  <system-out/>
</testsuite> <!-- com.project.testscripts.ResetPasswordTest -->
