<?xml version="1.0" encoding="UTF-8"?>
<!-- Generated by org.testng.reporters.JUnitReportReporter -->
<testsuite hostname="DESKTOP-75SCK3T" failures="0" tests="2" name="com.project.testscripts.HomeTest" time="49.276" errors="0" timestamp="2021-06-13T22:01:52 IST" skipped="0">
  <testcase classname="com.project.testscripts.HomeTest" name="verifyHomepageloaded" time="24.603"/>
  <system-out/>
  <testcase classname="com.project.testscripts.HomeTest" name="verifyHomePageTitle" time="24.673"/>
  <system-out/>
</testsuite> <!-- com.project.testscripts.HomeTest -->
